[2018-09-23 10:52:16.923] [sharedprocess] [info] main {"machineId":"bc6780d3df07958fd8265e1f2de50453f8eb6c8632bd6d10c08d9ff36801141a"}
[2018-09-23 10:52:17.645] [sharedprocess] [info] Scanned user extensions: 3
[2018-09-23 10:52:18.300] [sharedprocess] [info] Scanned user extensions: 3
[2018-09-23 10:52:18.306] [sharedprocess] [info] Scanned user extensions: 3
[2018-09-23 10:52:20.293] [sharedprocess] [info] Deleted from disk felixfbecker.php-debug-1.12.5
[2018-09-23 10:52:20.652] [sharedprocess] [info] Scanned system extensions: 71
[2018-09-23 10:52:20.653] [sharedprocess] [info] Scanned system extensions: 71
[2018-09-23 10:52:21.372] [sharedprocess] [info] Scanned user extensions: 3
[2018-09-23 10:52:21.405] [sharedprocess] [info] Scanned user extensions: 3
[2018-09-23 10:52:56.927] [sharedprocess] [info] Starting to clean up unused language packs.
[2018-09-23 10:57:21.416] [sharedprocess] [info] Scanned user extensions: 3
[2018-09-23 11:02:21.429] [sharedprocess] [info] Scanned user extensions: 3
[2018-09-23 11:07:21.440] [sharedprocess] [info] Scanned user extensions: 3
[2018-09-23 11:12:21.450] [sharedprocess] [info] Scanned user extensions: 3
[2018-09-23 11:17:21.462] [sharedprocess] [info] Scanned user extensions: 3
[2018-09-23 11:22:21.474] [sharedprocess] [info] Scanned user extensions: 3
[2018-09-23 11:27:21.488] [sharedprocess] [info] Scanned user extensions: 3
[2018-09-23 11:32:21.500] [sharedprocess] [info] Scanned user extensions: 3
[2018-09-23 11:37:21.513] [sharedprocess] [info] Scanned user extensions: 3
[2018-09-23 11:42:21.525] [sharedprocess] [info] Scanned user extensions: 3
[2018-09-23 11:47:21.536] [sharedprocess] [info] Scanned user extensions: 3
[2018-09-23 11:52:21.574] [sharedprocess] [info] Scanned user extensions: 3
[2018-09-23 11:57:21.586] [sharedprocess] [info] Scanned user extensions: 3
[2018-09-23 12:02:21.599] [sharedprocess] [info] Scanned user extensions: 3
[2018-09-23 12:07:21.637] [sharedprocess] [info] Scanned user extensions: 3
[2018-09-23 12:12:21.648] [sharedprocess] [info] Scanned user extensions: 3
[2018-09-23 12:17:21.658] [sharedprocess] [info] Scanned user extensions: 3
[2018-09-23 12:22:21.670] [sharedprocess] [info] Scanned user extensions: 3
[2018-09-23 12:27:21.680] [sharedprocess] [info] Scanned user extensions: 3
[2018-09-23 12:32:21.690] [sharedprocess] [info] Scanned user extensions: 3
[2018-09-23 12:37:21.702] [sharedprocess] [info] Scanned user extensions: 3
[2018-09-23 12:42:21.713] [sharedprocess] [info] Scanned user extensions: 3
[2018-09-23 12:47:21.723] [sharedprocess] [info] Scanned user extensions: 3
[2018-09-23 12:52:21.959] [sharedprocess] [info] Scanned user extensions: 3
