[2018-09-22 09:53:17.862] [sharedprocess] [info] main {"machineId":"bc6780d3df07958fd8265e1f2de50453f8eb6c8632bd6d10c08d9ff36801141a"}
[2018-09-22 09:53:18.025] [sharedprocess] [info] Scanned user extensions: 3
[2018-09-22 09:53:18.130] [sharedprocess] [info] Scanned user extensions: 3
[2018-09-22 09:53:18.140] [sharedprocess] [info] Scanned user extensions: 3
[2018-09-22 09:53:18.899] [sharedprocess] [info] Scanned system extensions: 71
[2018-09-22 09:53:18.899] [sharedprocess] [info] Scanned system extensions: 71
[2018-09-22 09:53:19.954] [sharedprocess] [info] Scanned user extensions: 3
[2018-09-22 09:53:19.955] [sharedprocess] [info] Scanned user extensions: 3
[2018-09-22 09:53:20.999] [sharedprocess] [info] Installing extension: php-debug
[2018-09-22 09:53:21.002] [sharedprocess] [info] Scanned user extensions: 3
[2018-09-22 09:53:21.665] [sharedprocess] [info] Downloaded extension: php-debug /tmp/f526022b-e2cb-4578-ab44-c492db7e9579
[2018-09-22 09:53:22.480] [sharedprocess] [info] Extracted extension to /home/bridgelabz/.vscode/extensions/.felixfbecker.php-debug-1.12.6: felixfbecker.php-debug-1.12.6
[2018-09-22 09:53:22.480] [sharedprocess] [info] Renamed to /home/bridgelabz/.vscode/extensions/felixfbecker.php-debug-1.12.6
[2018-09-22 09:53:22.481] [sharedprocess] [info] Installation completed. felixfbecker.php-debug-1.12.6
[2018-09-22 09:53:22.587] [sharedprocess] [info] Extensions installed successfully: felixfbecker.php-debug
[2018-09-22 09:53:22.705] [sharedprocess] [info] Scanned user extensions: 3
[2018-09-22 09:53:22.743] [sharedprocess] [info] Scanned system extensions: 71
[2018-09-22 09:53:57.867] [sharedprocess] [info] Starting to clean up unused language packs.
[2018-09-22 09:58:19.987] [sharedprocess] [info] Scanned user extensions: 3
[2018-09-22 10:03:20.000] [sharedprocess] [info] Scanned user extensions: 3
[2018-09-22 10:08:20.017] [sharedprocess] [info] Scanned user extensions: 3
[2018-09-22 10:13:20.031] [sharedprocess] [info] Scanned user extensions: 3
[2018-09-22 10:18:20.045] [sharedprocess] [info] Scanned user extensions: 3
[2018-09-22 10:23:20.060] [sharedprocess] [info] Scanned user extensions: 3
[2018-09-22 10:28:20.075] [sharedprocess] [info] Scanned user extensions: 3
[2018-09-22 10:33:20.088] [sharedprocess] [info] Scanned user extensions: 3
[2018-09-22 10:38:20.099] [sharedprocess] [info] Scanned user extensions: 3
[2018-09-22 10:43:20.111] [sharedprocess] [info] Scanned user extensions: 3
[2018-09-22 10:48:20.123] [sharedprocess] [info] Scanned user extensions: 3
[2018-09-22 10:53:20.172] [sharedprocess] [info] Scanned user extensions: 3
[2018-09-22 10:58:20.185] [sharedprocess] [info] Scanned user extensions: 3
[2018-09-22 11:03:20.199] [sharedprocess] [info] Scanned user extensions: 3
[2018-09-22 11:08:20.212] [sharedprocess] [info] Scanned user extensions: 3
[2018-09-22 11:13:20.226] [sharedprocess] [info] Scanned user extensions: 3
[2018-09-22 11:18:20.241] [sharedprocess] [info] Scanned user extensions: 3
[2018-09-22 11:23:20.256] [sharedprocess] [info] Scanned user extensions: 3
[2018-09-22 11:28:20.266] [sharedprocess] [info] Scanned user extensions: 3
[2018-09-22 11:33:20.278] [sharedprocess] [info] Scanned user extensions: 3
[2018-09-22 11:38:20.291] [sharedprocess] [info] Scanned user extensions: 3
[2018-09-22 11:43:20.303] [sharedprocess] [info] Scanned user extensions: 3
[2018-09-22 11:48:20.316] [sharedprocess] [info] Scanned user extensions: 3
[2018-09-22 11:53:20.370] [sharedprocess] [info] Scanned user extensions: 3
[2018-09-22 11:58:20.383] [sharedprocess] [info] Scanned user extensions: 3
[2018-09-22 12:03:20.395] [sharedprocess] [info] Scanned user extensions: 3
[2018-09-22 12:08:20.406] [sharedprocess] [info] Scanned user extensions: 3
[2018-09-22 12:13:20.419] [sharedprocess] [info] Scanned user extensions: 3
[2018-09-22 12:18:20.431] [sharedprocess] [info] Scanned user extensions: 3
[2018-09-22 12:23:20.447] [sharedprocess] [info] Scanned user extensions: 3
[2018-09-22 12:28:20.460] [sharedprocess] [info] Scanned user extensions: 3
[2018-09-22 12:33:20.475] [sharedprocess] [info] Scanned user extensions: 3
[2018-09-22 12:38:20.488] [sharedprocess] [info] Scanned user extensions: 3
[2018-09-22 12:43:20.501] [sharedprocess] [info] Scanned user extensions: 3
[2018-09-22 12:48:20.516] [sharedprocess] [info] Scanned user extensions: 3
[2018-09-22 12:53:20.869] [sharedprocess] [info] Scanned user extensions: 3
[2018-09-22 12:58:20.882] [sharedprocess] [info] Scanned user extensions: 3
[2018-09-22 13:03:20.895] [sharedprocess] [info] Scanned user extensions: 3
[2018-09-22 13:08:20.908] [sharedprocess] [info] Scanned user extensions: 3
[2018-09-22 13:13:20.922] [sharedprocess] [info] Scanned user extensions: 3
[2018-09-22 13:18:20.939] [sharedprocess] [info] Scanned user extensions: 3
[2018-09-22 13:23:20.951] [sharedprocess] [info] Scanned user extensions: 3
[2018-09-22 13:28:20.963] [sharedprocess] [info] Scanned user extensions: 3
[2018-09-22 13:33:20.975] [sharedprocess] [info] Scanned user extensions: 3
[2018-09-22 13:38:20.988] [sharedprocess] [info] Scanned user extensions: 3
[2018-09-22 13:43:21.000] [sharedprocess] [info] Scanned user extensions: 3
[2018-09-22 13:48:21.013] [sharedprocess] [info] Scanned user extensions: 3
[2018-09-22 13:53:21.304] [sharedprocess] [info] Scanned user extensions: 3
[2018-09-22 13:58:21.317] [sharedprocess] [info] Scanned user extensions: 3
[2018-09-22 14:03:21.328] [sharedprocess] [info] Scanned user extensions: 3
[2018-09-22 14:08:21.341] [sharedprocess] [info] Scanned user extensions: 3
[2018-09-22 14:13:21.353] [sharedprocess] [info] Scanned user extensions: 3
[2018-09-22 14:18:21.366] [sharedprocess] [info] Scanned user extensions: 3
[2018-09-22 14:23:21.378] [sharedprocess] [info] Scanned user extensions: 3
[2018-09-22 14:28:21.389] [sharedprocess] [info] Scanned user extensions: 3
[2018-09-22 14:33:21.401] [sharedprocess] [info] Scanned user extensions: 3
[2018-09-22 14:38:21.413] [sharedprocess] [info] Scanned user extensions: 3
[2018-09-22 14:43:21.426] [sharedprocess] [info] Scanned user extensions: 3
[2018-09-22 14:48:21.439] [sharedprocess] [info] Scanned user extensions: 3
[2018-09-22 14:53:21.477] [sharedprocess] [info] Scanned user extensions: 3
[2018-09-22 14:58:21.492] [sharedprocess] [info] Scanned user extensions: 3
[2018-09-22 15:03:21.504] [sharedprocess] [info] Scanned user extensions: 3
[2018-09-22 15:08:21.517] [sharedprocess] [info] Scanned user extensions: 3
[2018-09-22 15:13:21.526] [sharedprocess] [info] Scanned user extensions: 3
[2018-09-22 15:18:21.538] [sharedprocess] [info] Scanned user extensions: 3
[2018-09-22 15:23:21.550] [sharedprocess] [info] Scanned user extensions: 3
[2018-09-22 15:28:21.565] [sharedprocess] [info] Scanned user extensions: 3
[2018-09-22 15:33:21.578] [sharedprocess] [info] Scanned user extensions: 3
[2018-09-22 15:38:21.590] [sharedprocess] [info] Scanned user extensions: 3
[2018-09-22 15:43:21.602] [sharedprocess] [info] Scanned user extensions: 3
[2018-09-22 15:48:21.619] [sharedprocess] [info] Scanned user extensions: 3
[2018-09-22 15:53:21.695] [sharedprocess] [info] Scanned user extensions: 3
[2018-09-22 15:58:21.705] [sharedprocess] [info] Scanned user extensions: 3
[2018-09-22 16:03:21.716] [sharedprocess] [info] Scanned user extensions: 3
[2018-09-22 16:08:21.730] [sharedprocess] [info] Scanned user extensions: 3
[2018-09-22 16:13:21.743] [sharedprocess] [info] Scanned user extensions: 3
[2018-09-22 16:18:21.761] [sharedprocess] [info] Scanned user extensions: 3
[2018-09-22 16:23:21.773] [sharedprocess] [info] Scanned user extensions: 3
[2018-09-22 16:28:21.785] [sharedprocess] [info] Scanned user extensions: 3
[2018-09-22 16:33:21.795] [sharedprocess] [info] Scanned user extensions: 3
[2018-09-22 16:38:21.807] [sharedprocess] [info] Scanned user extensions: 3
[2018-09-22 16:43:21.820] [sharedprocess] [info] Scanned user extensions: 3
[2018-09-22 16:48:21.832] [sharedprocess] [info] Scanned user extensions: 3
[2018-09-22 16:53:21.894] [sharedprocess] [info] Scanned user extensions: 3
[2018-09-22 16:58:21.907] [sharedprocess] [info] Scanned user extensions: 3
[2018-09-22 17:03:21.919] [sharedprocess] [info] Scanned user extensions: 3
[2018-09-22 17:08:21.932] [sharedprocess] [info] Scanned user extensions: 3
[2018-09-22 17:13:21.945] [sharedprocess] [info] Scanned user extensions: 3
[2018-09-22 17:18:21.957] [sharedprocess] [info] Scanned user extensions: 3
[2018-09-22 17:23:21.966] [sharedprocess] [info] Scanned user extensions: 3
[2018-09-22 17:28:21.978] [sharedprocess] [info] Scanned user extensions: 3
[2018-09-22 17:33:21.990] [sharedprocess] [info] Scanned user extensions: 3
[2018-09-22 17:38:22.002] [sharedprocess] [info] Scanned user extensions: 3
[2018-09-22 17:43:22.015] [sharedprocess] [info] Scanned user extensions: 3
[2018-09-22 17:48:22.030] [sharedprocess] [info] Scanned user extensions: 3
[2018-09-22 17:53:22.073] [sharedprocess] [info] Scanned user extensions: 3
[2018-09-22 17:58:22.087] [sharedprocess] [info] Scanned user extensions: 3
[2018-09-22 18:03:22.098] [sharedprocess] [info] Scanned user extensions: 3
[2018-09-22 18:08:22.107] [sharedprocess] [info] Scanned user extensions: 3
[2018-09-22 18:13:22.119] [sharedprocess] [info] Scanned user extensions: 3
[2018-09-22 18:18:22.130] [sharedprocess] [info] Scanned user extensions: 3
[2018-09-22 18:23:22.145] [sharedprocess] [info] Scanned user extensions: 3
[2018-09-22 18:28:22.156] [sharedprocess] [info] Scanned user extensions: 3
[2018-09-22 18:33:22.168] [sharedprocess] [info] Scanned user extensions: 3
[2018-09-22 18:38:22.179] [sharedprocess] [info] Scanned user extensions: 3
[2018-09-22 18:43:22.189] [sharedprocess] [info] Scanned user extensions: 3
[2018-09-22 18:48:22.202] [sharedprocess] [info] Scanned user extensions: 3
[2018-09-22 18:53:22.256] [sharedprocess] [info] Scanned user extensions: 3
[2018-09-22 18:58:22.270] [sharedprocess] [info] Scanned user extensions: 3
[2018-09-22 19:03:22.285] [sharedprocess] [info] Scanned user extensions: 3
[2018-09-22 19:08:22.296] [sharedprocess] [info] Scanned user extensions: 3
[2018-09-22 19:13:22.313] [sharedprocess] [info] Scanned user extensions: 3
[2018-09-22 19:18:22.327] [sharedprocess] [info] Scanned user extensions: 3
[2018-09-22 19:23:22.365] [sharedprocess] [info] Scanned user extensions: 3
