[2018-09-23 13:01:58.460] [renderer1] [info] no standard startup: panel is active
[2018-09-23 13:11:39.045] [renderer1] [error] Cannot read property 'lineNumber' of null: TypeError: Cannot read property 'lineNumber' of null
	at Object.e.to (/usr/share/code/resources/app/out/vs/workbench/node/extensionHostProcess.js:692:25)
	at e.provideHover (/usr/share/code/resources/app/out/vs/workbench/node/extensionHostProcess.js:749:117)
	at /usr/share/code/resources/app/out/vs/workbench/node/extensionHostProcess.js:763:824
	at e._withAdapter (/usr/share/code/resources/app/out/vs/workbench/node/extensionHostProcess.js:761:91)
	at e.$provideHover (/usr/share/code/resources/app/out/vs/workbench/node/extensionHostProcess.js:763:786)
	at e._doInvokeHandler (/usr/share/code/resources/app/out/vs/workbench/node/extensionHostProcess.js:681:309)
	at e._invokeHandler (/usr/share/code/resources/app/out/vs/workbench/node/extensionHostProcess.js:681:27)
	at e._receiveRequest (/usr/share/code/resources/app/out/vs/workbench/node/extensionHostProcess.js:679:802)
	at e._receiveOneMessage (/usr/share/code/resources/app/out/vs/workbench/node/extensionHostProcess.js:678:993)
	at /usr/share/code/resources/app/out/vs/workbench/node/extensionHostProcess.js:677:791
	at /usr/share/code/resources/app/out/vs/workbench/node/extensionHostProcess.js:98:597
	at e.fire (/usr/share/code/resources/app/out/vs/workbench/node/extensionHostProcess.js:99:917)
	at a (/usr/share/code/resources/app/out/vs/workbench/node/extensionHostProcess.js:164:787)
	at Socket._socketDataListener (/usr/share/code/resources/app/out/vs/workbench/node/extensionHostProcess.js:164:1006)
	at emitOne (events.js:116:13)
	at Socket.emit (events.js:211:7)
	at addChunk (_stream_readable.js:263:12)
	at readableAddChunk (_stream_readable.js:250:11)
	at Socket.Readable.push (_stream_readable.js:208:10)
	at Pipe.onread (net.js:594:20)
[2018-09-23 13:16:07.300] [renderer1] [error] Invalid start index: 2: Error: Invalid start index: 2
    at e.splice (file:///usr/share/code/resources/app/out/vs/workbench/workbench.main.js:841:164)
    at file:///usr/share/code/resources/app/out/vs/workbench/workbench.main.js:2108:932
    at <anonymous>
